[36mvite v7.3.1 [32mbuilding client environment for production...[36m[39m
transforming...
[32m✓[39m 595 modules transformed.

[31m✗[39m Build failed in 1.40s
[31merror during build:
[31m[vite-plugin-pwa:build] There was an error during the build:
  src/services/playerSyncService.js (2:7): "default" is not exported by "src/firebase.js", imported by "src/services/playerSyncService.js".
Additionally, handling the error in the 'buildEnd' hook caused the following error:
  src/services/playerSyncService.js (2:7): "default" is not exported by "src/firebase.js", imported by "src/services/playerSyncService.js".[31m
file: [36mC:/Users/HP/OneDrive/Desktop/melopra/client/src/services/playerSyncService.js:2:7[31m
[33m
1: import { doc, getDoc, setDoc, onSnapshot, getFirestore } from "firebase/firestore";
2: import app from "../firebase";
          ^
3: import { usePlayerStore } from "../stores/usePlayerStore";
[31m
    at getRollupError (file:///C:/Users/HP/OneDrive/Desktop/melopra/client/node_modules/rollup/dist/es/shared/parseAst.js:401:41)
    at file:///C:/Users/HP/OneDrive/Desktop/melopra/client/node_modules/rollup/dist/es/shared/node-entry.js:23467:39
    at async catchUnfinishedHookActions (file:///C:/Users/HP/OneDrive/Desktop/melopra/client/node_modules/rollup/dist/es/shared/node-entry.js:22925:16)
    at async rollupInternal (file:///C:/Users/HP/OneDrive/Desktop/melopra/client/node_modules/rollup/dist/es/shared/node-entry.js:23450:5)
    at async buildEnvironment (file:///C:/Users/HP/OneDrive/Desktop/melopra/client/node_modules/vite/dist/node/chunks/config.js:33541:12)
    at async Object.build (file:///C:/Users/HP/OneDrive/Desktop/melopra/client/node_modules/vite/dist/node/chunks/config.js:33900:19)
    at async Object.buildApp (file:///C:/Users/HP/OneDrive/Desktop/melopra/client/node_modules/vite/dist/node/chunks/config.js:33897:153)
    at async CAC.<anonymous> (file:///C:/Users/HP/OneDrive/Desktop/melopra/client/node_modules/vite/dist/node/cli.js:629:3)[39m
